<?xml version="1.0" encoding="UTF-8"?>
<!-- Generated by org.testng.reporters.JUnitXMLReporter -->
<testsuite ignored="0" hostname="ASHKOL" failures="0" tests="1" name="Test" time="1.39" errors="0" timestamp="2025-08-19T17:50:17 IST">
  <testcase classname="testCases.BaseClass" name="@BeforeClass setup" time="1.14">
    <failure type="java.lang.NoClassDefFoundError" message="org/openqa/selenium/bidi/HasBiDi">
      <![CDATA[java.lang.NoClassDefFoundError: org/openqa/selenium/bidi/HasBiDi
at java.base/java.lang.ClassLoader.defineClass1(Native Method)
at java.base/java.lang.ClassLoader.defineClass(ClassLoader.java:962)
at java.base/java.security.SecureClassLoader.defineClass(SecureClassLoader.java:132)
at java.base/jdk.internal.loader.BuiltinClassLoader.defineClass(BuiltinClassLoader.java:776)
at java.base/jdk.internal.loader.BuiltinClassLoader.findClassOnClassPathOrNull(BuiltinClassLoader.java:691)
at java.base/jdk.internal.loader.BuiltinClassLoader.loadClassOrNull(BuiltinClassLoader.java:620)
at java.base/jdk.internal.loader.BuiltinClassLoader.loadClass(BuiltinClassLoader.java:578)
at java.base/java.lang.ClassLoader.loadClass(ClassLoader.java:490)
at java.base/java.lang.ClassLoader.defineClass1(Native Method)
at java.base/java.lang.ClassLoader.defineClass(ClassLoader.java:962)
at java.base/java.security.SecureClassLoader.defineClass(SecureClassLoader.java:132)
at java.base/jdk.internal.loader.BuiltinClassLoader.defineClass(BuiltinClassLoader.java:776)
at java.base/jdk.internal.loader.BuiltinClassLoader.findClassOnClassPathOrNull(BuiltinClassLoader.java:691)
at java.base/jdk.internal.loader.BuiltinClassLoader.loadClassOrNull(BuiltinClassLoader.java:620)
at java.base/jdk.internal.loader.BuiltinClassLoader.loadClass(BuiltinClassLoader.java:578)
at java.base/java.lang.ClassLoader.loadClass(ClassLoader.java:490)
at testCases.BaseClass.setup(BaseClass.java:50)
at java.base/java.util.ArrayList.forEach(ArrayList.java:1604)
Caused by: java.lang.ClassNotFoundException: org.openqa.selenium.bidi.HasBiDi
at java.base/jdk.internal.loader.BuiltinClassLoader.loadClass(BuiltinClassLoader.java:580)
at java.base/java.lang.ClassLoader.loadClass(ClassLoader.java:490)
... 45 more
... Removed 27 stack frames]]>
    </failure>
  </testcase> <!-- @BeforeClass setup -->
  <testcase classname="testCases.RegisterFunctionality.TC008_WrongConfirmPasswordValidation" name="checkForWrongPasswordMsgValidation" time="0.0">
    <skipped/>
  </testcase> <!-- checkForWrongPasswordMsgValidation -->
</testsuite> <!-- Test -->
