<?xml version="1.0" encoding="UTF-8"?>
<!-- Generated by org.testng.reporters.JUnitXMLReporter -->
<testsuite ignored="0" hostname="ASHKOL" failures="0" tests="8" name="Default test" time="40.815" errors="0" timestamp="2025-09-05T20:12:20 IST">
  <testcase classname="testCases.LoginTests" name="accountLogin" time="1.787"/>
  <testcase classname="testCases.LoginTests" name="loginAccountUsingInvalidCredentials" time="1.629"/>
  <testcase classname="testCases.LoginTests" name="loginAccountUsingValidEmailAndInvalidPwd" time="1.794"/>
  <testcase classname="testCases.LoginTests" name="loginAccountUsingValidEmailandInvalidPwd" time="1.642"/>
  <testcase classname="testCases.LoginTests" name="loginAccountWithEmptyEmailandPwdField" time="1.68"/>
  <testcase classname="testCases.LoginTests" name="verifyForgotPwdLinkIsPresentandWorkingFine" time="1.267"/>
  <testcase classname="testCases.LoginTests" name="verifyLoginUsingKeyboardKeys" time="7.808"/>
  <testcase classname="testCases.LoginTests" name="verifyEmailandPasswordFieldsPlaceHolderText" time="0.678"/>
</testsuite> <!-- Default test -->
