<?xml version="1.0" encoding="UTF-8"?>
<!-- Generated by org.testng.reporters.JUnitXMLReporter -->
<testsuite ignored="0" hostname="ASHKOL" failures="0" tests="2" name="Test" time="12.276" errors="0" timestamp="2025-08-23T23:48:43 IST">
  <testcase classname="testCases.RegisterFunctionality.TC015_EnterSpaceInMandatoryFields" name="enterSpaceMandatoryValidationMeassage" time="2.665"/>
  <testcase classname="testCases.RegisterFunctionality.TC004_MandatoryFieldsNotifications" name="accountRegistraion" time="1.45"/>
</testsuite> <!-- Test -->
