<?xml version="1.0" encoding="UTF-8"?>
<!-- Generated by org.testng.reporters.JUnitXMLReporter -->
<testsuite ignored="0" hostname="ASHKOL" failures="2" tests="18" name="Test" time="100.968" errors="0" timestamp="2025-08-08T00:00:42 IST">
  <testcase classname="testCases.TC0001_AccountRegistrationTest" name="accountRegistraion" time="3.178"/>
  <testcase classname="testCases.TC0002_AccountLogin" name="accountLogin" time="2.011"/>
  <testcase classname="testCases.TC0003_LoginWithExcelDataTest" name="LoginTestData" time="2.887"/>
  <testcase classname="testCases.TC0003_LoginWithExcelDataTest" name="LoginTestData" time="2.636"/>
  <testcase classname="testCases.TC0003_LoginWithExcelDataTest" name="LoginTestData" time="2.572"/>
  <testcase classname="testCases.TC0004_AddToCartTest" name="AddTocartFromHomePage" time="1.392"/>
  <testcase classname="testCases.TC0005_AddMultipleProductsToCartTest" name="addMultipleToCartFromLaptopsAndNoteBook" time="6.674"/>
  <testcase classname="testCases.TC0006_RequiredFieldValidation" name="accountRegistraion" time="1.912"/>
  <testcase classname="testCases.TC0007_PasswordValidation" name="checkPasswordValidation" time="1.993"/>
  <testcase classname="testCases.TC0008_EmailValidations" name="emailValidation" time="1.921"/>
  <testcase classname="testCases.TC0009_ForgotPassword" name="emailValidation" time="6.825"/>
  <testcase classname="testCases.TC0010_SearchFunctionality" name="isProductAvailableBySearch" time="1.45"/>
  <testcase classname="testCases.TC0011_MobileViewTestcase" name="testMobileLayout" time="1.769"/>
  <testcase classname="testCases.TC0012_AddProducttoWishlist" name="addProducttoWishList" time="2.557">
    <failure type="java.lang.AssertionError" message="null">
      <![CDATA[java.lang.AssertionError: null
at testCases.TC0012_AddProducttoWishlist.addProducttoWishList(TC0012_AddProducttoWishlist.java:49)
at java.base/java.util.ArrayList.forEach(ArrayList.java:1604)
... Removed 27 stack frames]]>
    </failure>
  </testcase> <!-- addProducttoWishList -->
  <testcase classname="testCases.TC0013_CheckCartCount" name="AddTocartFromHomePage" time="1.406"/>
  <testcase classname="testCases.TC0014_LoginWithWrongCredentials" name="accountLogin" time="1.707"/>
  <testcase classname="testCases.TC0015_CheckProductCompare" name="isProductAvailableBySearch" time="1.89">
    <failure type="java.lang.AssertionError" message="null">
      <![CDATA[java.lang.AssertionError: null
at testCases.TC0015_CheckProductCompare.isProductAvailableBySearch(TC0015_CheckProductCompare.java:58)
at java.base/java.util.ArrayList.forEach(ArrayList.java:1604)
... Removed 27 stack frames]]>
    </failure>
  </testcase> <!-- isProductAvailableBySearch -->
  <testcase classname="testCases.TC0016_SubscribeToNewsletter" name="subscribeToNewsletter" time="3.19"/>
</testsuite> <!-- Test -->
