<?xml version="1.0" encoding="UTF-8"?>
<testng-results ignored="0" total="12" passed="12" failed="0" skipped="0">
  <reporter-output>
  </reporter-output>
  <suite started-at="2025-08-23T16:55:18 IST" name="Master Suite (0)" finished-at="2025-08-23T16:55:18 IST" duration-ms="284">
    <groups>
    </groups>
    <test started-at="2025-08-23T16:55:18 IST" name="Test" finished-at="2025-08-23T16:55:18 IST" duration-ms="284">
    </test> <!-- Test -->
  </suite> <!-- Master Suite (0) -->
  <suite started-at="2025-08-23T16:56:25 IST" name="Master Suite" finished-at="2025-08-23T16:56:25 IST" duration-ms="0">
    <groups>
    </groups>
  </suite> <!-- Master Suite -->
  <suite started-at="2025-08-23T16:55:20 IST" name="Master Suite (1)" finished-at="2025-08-23T16:56:24 IST" duration-ms="63574">
    <groups>
      <group name="Master">
        <method signature="TC007_NavigateToRegisterAccountPage.differentWaysToRegisterPage()[pri:0, instance:testCases.RegisterFunctionality.TC007_NavigateToRegisterAccountPage@3016fd5e]" name="differentWaysToRegisterPage" class="testCases.RegisterFunctionality.TC007_NavigateToRegisterAccountPage"/>
        <method signature="TC008_WrongConfirmPasswordValidation.checkForWrongPasswordMsgValidation()[pri:0, instance:testCases.RegisterFunctionality.TC008_WrongConfirmPasswordValidation@35d08e6c]" name="checkForWrongPasswordMsgValidation" class="testCases.RegisterFunctionality.TC008_WrongConfirmPasswordValidation"/>
        <method signature="TC009_VerifyRegisterAccountByExistingAccount.verifyRegisterAccount()[pri:0, instance:testCases.RegisterFunctionality.TC009_VerifyRegisterAccountByExistingAccount@53d102a2]" name="verifyRegisterAccount" class="testCases.RegisterFunctionality.TC009_VerifyRegisterAccountByExistingAccount"/>
        <method signature="TC010_VerifyingRegisteringAccountByInvalidEmail.verifyRegisterAccountByInvalidEmail()[pri:0, instance:testCases.RegisterFunctionality.TC010_VerifyingRegisteringAccountByInvalidEmail@6c45ee6e]" name="verifyRegisterAccountByInvalidEmail" class="testCases.RegisterFunctionality.TC010_VerifyingRegisteringAccountByInvalidEmail"/>
        <method signature="TC011_Register_Invalid_PoneNumber.registerWithInvalidPhoneNumber()[pri:0, instance:testCases.RegisterFunctionality.TC011_Register_Invalid_PoneNumber@6b3e12b5]" name="registerWithInvalidPhoneNumber" class="testCases.RegisterFunctionality.TC011_Register_Invalid_PoneNumber"/>
        <method signature="TC012_ReigsterUsingKeyboardKeys.registerUsingKeyboardKeys()[pri:0, instance:testCases.RegisterFunctionality.TC012_ReigsterUsingKeyboardKeys@5aac4250]" name="registerUsingKeyboardKeys" class="testCases.RegisterFunctionality.TC012_ReigsterUsingKeyboardKeys"/>
        <method signature="TC013_VerifyRegisterPlaceholder.verifyRegisterPlaceholder()[pri:0, instance:testCases.RegisterFunctionality.TC013_VerifyRegisterPlaceholder@1338fb5]" name="verifyRegisterPlaceholder" class="testCases.RegisterFunctionality.TC013_VerifyRegisterPlaceholder"/>
        <method signature="TC014_CheckifAstreixIsPresentForMandatoryFields.registerWithInvalidPhoneNumber()[pri:0, instance:testCases.RegisterFunctionality.TC014_CheckifAstreixIsPresentForMandatoryFields@42463763]" name="registerWithInvalidPhoneNumber" class="testCases.RegisterFunctionality.TC014_CheckifAstreixIsPresentForMandatoryFields"/>
      </group> <!-- Master -->
      <group name="Sanity">
        <method signature="TC004_MandatoryFieldsNotifications.accountRegistraion()[pri:1, instance:testCases.RegisterFunctionality.TC004_MandatoryFieldsNotifications@1d730606]" name="accountRegistraion" class="testCases.RegisterFunctionality.TC004_MandatoryFieldsNotifications"/>
        <method signature="TC005_YesOptionForNewsLetterField.accountRegistraion()[pri:1, instance:testCases.RegisterFunctionality.TC005_YesOptionForNewsLetterField@3bcbb589]" name="accountRegistraion" class="testCases.RegisterFunctionality.TC005_YesOptionForNewsLetterField"/>
        <method signature="TC006_NoOptionForNewsLetterField.accountRegistraion()[pri:1, instance:testCases.RegisterFunctionality.TC006_NoOptionForNewsLetterField@3b00856b]" name="accountRegistraion" class="testCases.RegisterFunctionality.TC006_NoOptionForNewsLetterField"/>
        <method signature="TC0001_AccountRegistrationTest.accountRegistraion()[pri:1, instance:testCases.TC0001_AccountRegistrationTest@31d0e481]" name="accountRegistraion" class="testCases.TC0001_AccountRegistrationTest"/>
      </group> <!-- Sanity -->
    </groups>
    <test started-at="2025-08-23T16:55:20 IST" name="Test" finished-at="2025-08-23T16:56:24 IST" duration-ms="63574">
      <class name="testCases.RegisterFunctionality.TC011_Register_Invalid_PoneNumber">
        <test-method is-config="true" signature="setup(java.lang.String,java.lang.String)[pri:0, instance:testCases.RegisterFunctionality.TC011_Register_Invalid_PoneNumber@6b3e12b5]" started-at="2025-08-23T16:55:59 IST" name="setup" finished-at="2025-08-23T16:56:02 IST" duration-ms="2296" status="PASS">
          <params>
            <param index="0">
              <value>
                <![CDATA[windows]]>
              </value>
            </param>
            <param index="1">
              <value>
                <![CDATA[chrome]]>
              </value>
            </param>
          </params>
          <reporter-output>
          </reporter-output>
        </test-method> <!-- setup -->
        <test-method signature="registerWithInvalidPhoneNumber()[pri:0, instance:testCases.RegisterFunctionality.TC011_Register_Invalid_PoneNumber@6b3e12b5]" started-at="2025-08-23T16:56:02 IST" name="registerWithInvalidPhoneNumber" finished-at="2025-08-23T16:56:03 IST" duration-ms="1625" status="PASS">
          <reporter-output>
          </reporter-output>
        </test-method> <!-- registerWithInvalidPhoneNumber -->
        <test-method is-config="true" signature="teardown()[pri:0, instance:testCases.RegisterFunctionality.TC011_Register_Invalid_PoneNumber@6b3e12b5]" started-at="2025-08-23T16:56:03 IST" name="teardown" finished-at="2025-08-23T16:56:04 IST" duration-ms="155" status="PASS">
          <reporter-output>
          </reporter-output>
        </test-method> <!-- teardown -->
      </class> <!-- testCases.RegisterFunctionality.TC011_Register_Invalid_PoneNumber -->
      <class name="testCases.RegisterFunctionality.TC006_NoOptionForNewsLetterField">
        <test-method is-config="true" signature="setup(java.lang.String,java.lang.String)[pri:0, instance:testCases.RegisterFunctionality.TC006_NoOptionForNewsLetterField@3b00856b]" started-at="2025-08-23T16:55:36 IST" name="setup" finished-at="2025-08-23T16:55:38 IST" duration-ms="2195" status="PASS">
          <params>
            <param index="0">
              <value>
                <![CDATA[windows]]>
              </value>
            </param>
            <param index="1">
              <value>
                <![CDATA[chrome]]>
              </value>
            </param>
          </params>
          <reporter-output>
          </reporter-output>
        </test-method> <!-- setup -->
        <test-method signature="accountRegistraion()[pri:1, instance:testCases.RegisterFunctionality.TC006_NoOptionForNewsLetterField@3b00856b]" started-at="2025-08-23T16:55:38 IST" name="accountRegistraion" finished-at="2025-08-23T16:55:41 IST" duration-ms="3207" status="PASS">
          <reporter-output>
          </reporter-output>
        </test-method> <!-- accountRegistraion -->
        <test-method is-config="true" signature="teardown()[pri:0, instance:testCases.RegisterFunctionality.TC006_NoOptionForNewsLetterField@3b00856b]" started-at="2025-08-23T16:55:41 IST" name="teardown" finished-at="2025-08-23T16:55:41 IST" duration-ms="154" status="PASS">
          <reporter-output>
          </reporter-output>
        </test-method> <!-- teardown -->
      </class> <!-- testCases.RegisterFunctionality.TC006_NoOptionForNewsLetterField -->
      <class name="testCases.RegisterFunctionality.TC004_MandatoryFieldsNotifications">
        <test-method is-config="true" signature="setup(java.lang.String,java.lang.String)[pri:0, instance:testCases.RegisterFunctionality.TC004_MandatoryFieldsNotifications@1d730606]" started-at="2025-08-23T16:55:26 IST" name="setup" finished-at="2025-08-23T16:55:29 IST" duration-ms="2260" status="PASS">
          <params>
            <param index="0">
              <value>
                <![CDATA[windows]]>
              </value>
            </param>
            <param index="1">
              <value>
                <![CDATA[chrome]]>
              </value>
            </param>
          </params>
          <reporter-output>
          </reporter-output>
        </test-method> <!-- setup -->
        <test-method signature="accountRegistraion()[pri:1, instance:testCases.RegisterFunctionality.TC004_MandatoryFieldsNotifications@1d730606]" started-at="2025-08-23T16:55:29 IST" name="accountRegistraion" finished-at="2025-08-23T16:55:30 IST" duration-ms="1365" status="PASS">
          <reporter-output>
          </reporter-output>
        </test-method> <!-- accountRegistraion -->
        <test-method is-config="true" signature="teardown()[pri:0, instance:testCases.RegisterFunctionality.TC004_MandatoryFieldsNotifications@1d730606]" started-at="2025-08-23T16:55:30 IST" name="teardown" finished-at="2025-08-23T16:55:30 IST" duration-ms="169" status="PASS">
          <reporter-output>
          </reporter-output>
        </test-method> <!-- teardown -->
      </class> <!-- testCases.RegisterFunctionality.TC004_MandatoryFieldsNotifications -->
      <class name="testCases.RegisterFunctionality.TC007_NavigateToRegisterAccountPage">
        <test-method is-config="true" signature="setup(java.lang.String,java.lang.String)[pri:0, instance:testCases.RegisterFunctionality.TC007_NavigateToRegisterAccountPage@3016fd5e]" started-at="2025-08-23T16:55:41 IST" name="setup" finished-at="2025-08-23T16:55:44 IST" duration-ms="2346" status="PASS">
          <params>
            <param index="0">
              <value>
                <![CDATA[windows]]>
              </value>
            </param>
            <param index="1">
              <value>
                <![CDATA[chrome]]>
              </value>
            </param>
          </params>
          <reporter-output>
          </reporter-output>
        </test-method> <!-- setup -->
        <test-method signature="differentWaysToRegisterPage()[pri:0, instance:testCases.RegisterFunctionality.TC007_NavigateToRegisterAccountPage@3016fd5e]" started-at="2025-08-23T16:55:44 IST" name="differentWaysToRegisterPage" finished-at="2025-08-23T16:55:45 IST" duration-ms="1862" status="PASS">
          <reporter-output>
          </reporter-output>
        </test-method> <!-- differentWaysToRegisterPage -->
        <test-method is-config="true" signature="teardown()[pri:0, instance:testCases.RegisterFunctionality.TC007_NavigateToRegisterAccountPage@3016fd5e]" started-at="2025-08-23T16:55:45 IST" name="teardown" finished-at="2025-08-23T16:55:46 IST" duration-ms="170" status="PASS">
          <reporter-output>
          </reporter-output>
        </test-method> <!-- teardown -->
      </class> <!-- testCases.RegisterFunctionality.TC007_NavigateToRegisterAccountPage -->
      <class name="testCases.TC0001_AccountRegistrationTest">
        <test-method is-config="true" signature="setup(java.lang.String,java.lang.String)[pri:0, instance:testCases.TC0001_AccountRegistrationTest@31d0e481]" started-at="2025-08-23T16:55:20 IST" name="setup" finished-at="2025-08-23T16:55:24 IST" duration-ms="3171" status="PASS">
          <params>
            <param index="0">
              <value>
                <![CDATA[windows]]>
              </value>
            </param>
            <param index="1">
              <value>
                <![CDATA[chrome]]>
              </value>
            </param>
          </params>
          <reporter-output>
          </reporter-output>
        </test-method> <!-- setup -->
        <test-method signature="accountRegistraion()[pri:1, instance:testCases.TC0001_AccountRegistrationTest@31d0e481]" started-at="2025-08-23T16:55:24 IST" name="accountRegistraion" finished-at="2025-08-23T16:55:26 IST" duration-ms="2637" status="PASS">
          <reporter-output>
          </reporter-output>
        </test-method> <!-- accountRegistraion -->
        <test-method is-config="true" signature="teardown()[pri:0, instance:testCases.TC0001_AccountRegistrationTest@31d0e481]" started-at="2025-08-23T16:55:26 IST" name="teardown" finished-at="2025-08-23T16:55:26 IST" duration-ms="164" status="PASS">
          <reporter-output>
          </reporter-output>
        </test-method> <!-- teardown -->
      </class> <!-- testCases.TC0001_AccountRegistrationTest -->
      <class name="testCases.RegisterFunctionality.TC010_VerifyingRegisteringAccountByInvalidEmail">
        <test-method is-config="true" signature="setup(java.lang.String,java.lang.String)[pri:0, instance:testCases.RegisterFunctionality.TC010_VerifyingRegisteringAccountByInvalidEmail@6c45ee6e]" started-at="2025-08-23T16:55:54 IST" name="setup" finished-at="2025-08-23T16:55:57 IST" duration-ms="2414" status="PASS">
          <params>
            <param index="0">
              <value>
                <![CDATA[windows]]>
              </value>
            </param>
            <param index="1">
              <value>
                <![CDATA[chrome]]>
              </value>
            </param>
          </params>
          <reporter-output>
          </reporter-output>
        </test-method> <!-- setup -->
        <test-method signature="verifyRegisterAccountByInvalidEmail()[pri:0, instance:testCases.RegisterFunctionality.TC010_VerifyingRegisteringAccountByInvalidEmail@6c45ee6e]" started-at="2025-08-23T16:55:57 IST" name="verifyRegisterAccountByInvalidEmail" finished-at="2025-08-23T16:55:59 IST" duration-ms="2375" status="PASS">
          <reporter-output>
          </reporter-output>
        </test-method> <!-- verifyRegisterAccountByInvalidEmail -->
        <test-method is-config="true" signature="teardown()[pri:0, instance:testCases.RegisterFunctionality.TC010_VerifyingRegisteringAccountByInvalidEmail@6c45ee6e]" started-at="2025-08-23T16:55:59 IST" name="teardown" finished-at="2025-08-23T16:55:59 IST" duration-ms="193" status="PASS">
          <reporter-output>
          </reporter-output>
        </test-method> <!-- teardown -->
      </class> <!-- testCases.RegisterFunctionality.TC010_VerifyingRegisteringAccountByInvalidEmail -->
      <class name="testCases.RegisterFunctionality.TC014_CheckifAstreixIsPresentForMandatoryFields">
        <test-method is-config="true" signature="setup(java.lang.String,java.lang.String)[pri:0, instance:testCases.RegisterFunctionality.TC014_CheckifAstreixIsPresentForMandatoryFields@42463763]" started-at="2025-08-23T16:56:21 IST" name="setup" finished-at="2025-08-23T16:56:23 IST" duration-ms="2388" status="PASS">
          <params>
            <param index="0">
              <value>
                <![CDATA[windows]]>
              </value>
            </param>
            <param index="1">
              <value>
                <![CDATA[chrome]]>
              </value>
            </param>
          </params>
          <reporter-output>
          </reporter-output>
        </test-method> <!-- setup -->
        <test-method signature="registerWithInvalidPhoneNumber()[pri:0, instance:testCases.RegisterFunctionality.TC014_CheckifAstreixIsPresentForMandatoryFields@42463763]" started-at="2025-08-23T16:56:23 IST" name="registerWithInvalidPhoneNumber" finished-at="2025-08-23T16:56:24 IST" duration-ms="873" status="PASS">
          <reporter-output>
          </reporter-output>
        </test-method> <!-- registerWithInvalidPhoneNumber -->
        <test-method is-config="true" signature="teardown()[pri:0, instance:testCases.RegisterFunctionality.TC014_CheckifAstreixIsPresentForMandatoryFields@42463763]" started-at="2025-08-23T16:56:24 IST" name="teardown" finished-at="2025-08-23T16:56:24 IST" duration-ms="169" status="PASS">
          <reporter-output>
          </reporter-output>
        </test-method> <!-- teardown -->
      </class> <!-- testCases.RegisterFunctionality.TC014_CheckifAstreixIsPresentForMandatoryFields -->
      <class name="testCases.RegisterFunctionality.TC013_VerifyRegisterPlaceholder">
        <test-method is-config="true" signature="setup(java.lang.String,java.lang.String)[pri:0, instance:testCases.RegisterFunctionality.TC013_VerifyRegisterPlaceholder@1338fb5]" started-at="2025-08-23T16:56:17 IST" name="setup" finished-at="2025-08-23T16:56:19 IST" duration-ms="2203" status="PASS">
          <params>
            <param index="0">
              <value>
                <![CDATA[windows]]>
              </value>
            </param>
            <param index="1">
              <value>
                <![CDATA[chrome]]>
              </value>
            </param>
          </params>
          <reporter-output>
          </reporter-output>
        </test-method> <!-- setup -->
        <test-method signature="verifyRegisterPlaceholder()[pri:0, instance:testCases.RegisterFunctionality.TC013_VerifyRegisterPlaceholder@1338fb5]" started-at="2025-08-23T16:56:19 IST" name="verifyRegisterPlaceholder" finished-at="2025-08-23T16:56:20 IST" duration-ms="860" status="PASS">
          <reporter-output>
          </reporter-output>
        </test-method> <!-- verifyRegisterPlaceholder -->
        <test-method is-config="true" signature="teardown()[pri:0, instance:testCases.RegisterFunctionality.TC013_VerifyRegisterPlaceholder@1338fb5]" started-at="2025-08-23T16:56:20 IST" name="teardown" finished-at="2025-08-23T16:56:21 IST" duration-ms="168" status="PASS">
          <reporter-output>
          </reporter-output>
        </test-method> <!-- teardown -->
      </class> <!-- testCases.RegisterFunctionality.TC013_VerifyRegisterPlaceholder -->
      <class name="testCases.RegisterFunctionality.TC012_ReigsterUsingKeyboardKeys">
        <test-method is-config="true" signature="setup(java.lang.String,java.lang.String)[pri:0, instance:testCases.RegisterFunctionality.TC012_ReigsterUsingKeyboardKeys@5aac4250]" started-at="2025-08-23T16:56:04 IST" name="setup" finished-at="2025-08-23T16:56:06 IST" duration-ms="2191" status="PASS">
          <params>
            <param index="0">
              <value>
                <![CDATA[windows]]>
              </value>
            </param>
            <param index="1">
              <value>
                <![CDATA[chrome]]>
              </value>
            </param>
          </params>
          <reporter-output>
          </reporter-output>
        </test-method> <!-- setup -->
        <test-method signature="registerUsingKeyboardKeys()[pri:0, instance:testCases.RegisterFunctionality.TC012_ReigsterUsingKeyboardKeys@5aac4250]" started-at="2025-08-23T16:56:06 IST" name="registerUsingKeyboardKeys" finished-at="2025-08-23T16:56:17 IST" duration-ms="11376" status="PASS">
          <reporter-output>
          </reporter-output>
        </test-method> <!-- registerUsingKeyboardKeys -->
        <test-method is-config="true" signature="teardown()[pri:0, instance:testCases.RegisterFunctionality.TC012_ReigsterUsingKeyboardKeys@5aac4250]" started-at="2025-08-23T16:56:17 IST" name="teardown" finished-at="2025-08-23T16:56:17 IST" duration-ms="190" status="PASS">
          <reporter-output>
          </reporter-output>
        </test-method> <!-- teardown -->
      </class> <!-- testCases.RegisterFunctionality.TC012_ReigsterUsingKeyboardKeys -->
      <class name="testCases.RegisterFunctionality.TC008_WrongConfirmPasswordValidation">
        <test-method is-config="true" signature="setup(java.lang.String,java.lang.String)[pri:0, instance:testCases.RegisterFunctionality.TC008_WrongConfirmPasswordValidation@35d08e6c]" started-at="2025-08-23T16:55:46 IST" name="setup" finished-at="2025-08-23T16:55:48 IST" duration-ms="2397" status="PASS">
          <params>
            <param index="0">
              <value>
                <![CDATA[windows]]>
              </value>
            </param>
            <param index="1">
              <value>
                <![CDATA[chrome]]>
              </value>
            </param>
          </params>
          <reporter-output>
          </reporter-output>
        </test-method> <!-- setup -->
        <test-method signature="checkForWrongPasswordMsgValidation()[pri:0, instance:testCases.RegisterFunctionality.TC008_WrongConfirmPasswordValidation@35d08e6c]" started-at="2025-08-23T16:55:48 IST" name="checkForWrongPasswordMsgValidation" finished-at="2025-08-23T16:55:50 IST" duration-ms="1900" status="PASS">
          <reporter-output>
          </reporter-output>
        </test-method> <!-- checkForWrongPasswordMsgValidation -->
        <test-method is-config="true" signature="teardown()[pri:0, instance:testCases.RegisterFunctionality.TC008_WrongConfirmPasswordValidation@35d08e6c]" started-at="2025-08-23T16:55:50 IST" name="teardown" finished-at="2025-08-23T16:55:50 IST" duration-ms="169" status="PASS">
          <reporter-output>
          </reporter-output>
        </test-method> <!-- teardown -->
      </class> <!-- testCases.RegisterFunctionality.TC008_WrongConfirmPasswordValidation -->
      <class name="testCases.RegisterFunctionality.TC005_YesOptionForNewsLetterField">
        <test-method is-config="true" signature="setup(java.lang.String,java.lang.String)[pri:0, instance:testCases.RegisterFunctionality.TC005_YesOptionForNewsLetterField@3bcbb589]" started-at="2025-08-23T16:55:30 IST" name="setup" finished-at="2025-08-23T16:55:32 IST" duration-ms="2234" status="PASS">
          <params>
            <param index="0">
              <value>
                <![CDATA[windows]]>
              </value>
            </param>
            <param index="1">
              <value>
                <![CDATA[chrome]]>
              </value>
            </param>
          </params>
          <reporter-output>
          </reporter-output>
        </test-method> <!-- setup -->
        <test-method signature="accountRegistraion()[pri:1, instance:testCases.RegisterFunctionality.TC005_YesOptionForNewsLetterField@3bcbb589]" started-at="2025-08-23T16:55:32 IST" name="accountRegistraion" finished-at="2025-08-23T16:55:36 IST" duration-ms="3088" status="PASS">
          <reporter-output>
          </reporter-output>
        </test-method> <!-- accountRegistraion -->
        <test-method is-config="true" signature="teardown()[pri:0, instance:testCases.RegisterFunctionality.TC005_YesOptionForNewsLetterField@3bcbb589]" started-at="2025-08-23T16:55:36 IST" name="teardown" finished-at="2025-08-23T16:55:36 IST" duration-ms="167" status="PASS">
          <reporter-output>
          </reporter-output>
        </test-method> <!-- teardown -->
      </class> <!-- testCases.RegisterFunctionality.TC005_YesOptionForNewsLetterField -->
      <class name="testCases.RegisterFunctionality.TC009_VerifyRegisterAccountByExistingAccount">
        <test-method is-config="true" signature="setup(java.lang.String,java.lang.String)[pri:0, instance:testCases.RegisterFunctionality.TC009_VerifyRegisterAccountByExistingAccount@53d102a2]" started-at="2025-08-23T16:55:50 IST" name="setup" finished-at="2025-08-23T16:55:52 IST" duration-ms="2166" status="PASS">
          <params>
            <param index="0">
              <value>
                <![CDATA[windows]]>
              </value>
            </param>
            <param index="1">
              <value>
                <![CDATA[chrome]]>
              </value>
            </param>
          </params>
          <reporter-output>
          </reporter-output>
        </test-method> <!-- setup -->
        <test-method signature="verifyRegisterAccount()[pri:0, instance:testCases.RegisterFunctionality.TC009_VerifyRegisterAccountByExistingAccount@53d102a2]" started-at="2025-08-23T16:55:52 IST" name="verifyRegisterAccount" finished-at="2025-08-23T16:55:54 IST" duration-ms="2049" status="PASS">
          <reporter-output>
          </reporter-output>
        </test-method> <!-- verifyRegisterAccount -->
        <test-method is-config="true" signature="teardown()[pri:0, instance:testCases.RegisterFunctionality.TC009_VerifyRegisterAccountByExistingAccount@53d102a2]" started-at="2025-08-23T16:55:54 IST" name="teardown" finished-at="2025-08-23T16:55:54 IST" duration-ms="146" status="PASS">
          <reporter-output>
          </reporter-output>
        </test-method> <!-- teardown -->
      </class> <!-- testCases.RegisterFunctionality.TC009_VerifyRegisterAccountByExistingAccount -->
    </test> <!-- Test -->
  </suite> <!-- Master Suite (1) -->
</testng-results>
