<?xml version="1.0" encoding="UTF-8"?>
<testsuite xmlns:xsi="http://www.w3.org/2001/XMLSchema-instance" xsi:noNamespaceSchemaLocation="https://maven.apache.org/surefire/maven-surefire-plugin/xsd/surefire-test-report-3.0.xsd" version="3.0" name="TestSuite" time="68.43" tests="12" errors="0" skipped="0" failures="0">
  <properties>
[...]
</properties>
  <testcase name="accountRegistraion" classname="testCases.TC0001_AccountRegistrationTest" time="2.659">
    <system-out><![CDATA[16:55:24.086 [main] INFO  testCases.TC0001_AccountRegistrationTest -  ************** TC0001_AccountRegistrationTest TestCase started ***********
16:55:26.708 [main] INFO  testCases.TC0001_AccountRegistrationTest -  ************** TC0001_AccountRegistrationTest TestCase ended *********** 
]]></system-out>
    <system-err><![CDATA[SLF4J(W): No SLF4J providers were found.
SLF4J(W): Defaulting to no-operation (NOP) logger implementation
SLF4J(W): See https://www.slf4j.org/codes.html#noProviders for further details.
Aug 23, 2025 4:55:22 PM org.openqa.selenium.devtools.CdpVersionFinder findNearestMatch
WARNING: Unable to find CDP implementation matching 139
Aug 23, 2025 4:55:22 PM org.openqa.selenium.chromium.ChromiumDriver lambda$new$5
WARNING: Unable to find version of CDP to use for 139.0.7258.67. You may need to include a dependency on a specific version of the CDP using something similar to `org.seleniumhq.selenium:selenium-devtools-v86:4.23.0` where the version ("v86") matches the version of the chromium-based browser you're using and the version number of the artifact is the same as Selenium's.
]]></system-err>
  </testcase>
  <testcase name="accountRegistraion" classname="testCases.RegisterFunctionality.TC004_MandatoryFieldsNotifications" time="1.366">
    <system-out><![CDATA[16:55:29.164 [main] INFO  testCases.RegisterFunctionality.TC004_MandatoryFieldsNotifications -  ************** TC_RF004_MandatoryFieldsNotifications TestCase started ***********
16:55:29.891 [main] INFO  testCases.RegisterFunctionality.TC004_MandatoryFieldsNotifications - Before click continue
16:55:30.384 [main] INFO  testCases.RegisterFunctionality.TC004_MandatoryFieldsNotifications - After click continue
16:55:30.526 [main] INFO  testCases.RegisterFunctionality.TC004_MandatoryFieldsNotifications -  ************** MandatoryFieldsNotifications TestCase ended *********** 
]]></system-out>
    <system-err><![CDATA[Aug 23, 2025 4:55:27 PM org.openqa.selenium.devtools.CdpVersionFinder findNearestMatch
WARNING: Unable to find CDP implementation matching 139
Aug 23, 2025 4:55:27 PM org.openqa.selenium.chromium.ChromiumDriver lambda$new$5
WARNING: Unable to find version of CDP to use for 139.0.7258.67. You may need to include a dependency on a specific version of the CDP using something similar to `org.seleniumhq.selenium:selenium-devtools-v86:4.23.0` where the version ("v86") matches the version of the chromium-based browser you're using and the version number of the artifact is the same as Selenium's.
]]></system-err>
  </testcase>
  <testcase name="accountRegistraion" classname="testCases.RegisterFunctionality.TC005_YesOptionForNewsLetterField" time="3.088">
    <system-out><![CDATA[16:55:32.934 [main] INFO  testCases.RegisterFunctionality.TC005_YesOptionForNewsLetterField -  ************** TC0001_AccountRegistrationTest TestCase started ***********
16:55:36.021 [main] INFO  testCases.RegisterFunctionality.TC005_YesOptionForNewsLetterField -  ************** TC0001_AccountRegistrationTest TestCase ended *********** 
]]></system-out>
    <system-err><![CDATA[Aug 23, 2025 4:55:31 PM org.openqa.selenium.devtools.CdpVersionFinder findNearestMatch
WARNING: Unable to find CDP implementation matching 139
Aug 23, 2025 4:55:31 PM org.openqa.selenium.chromium.ChromiumDriver lambda$new$5
WARNING: Unable to find version of CDP to use for 139.0.7258.67. You may need to include a dependency on a specific version of the CDP using something similar to `org.seleniumhq.selenium:selenium-devtools-v86:4.23.0` where the version ("v86") matches the version of the chromium-based browser you're using and the version number of the artifact is the same as Selenium's.
]]></system-err>
  </testcase>
  <testcase name="accountRegistraion" classname="testCases.RegisterFunctionality.TC006_NoOptionForNewsLetterField" time="3.208">
    <system-out><![CDATA[16:55:38.386 [main] INFO  testCases.RegisterFunctionality.TC006_NoOptionForNewsLetterField -  ************** TC06_ No option selected For NewsLetter Field TestCase started ***********
16:55:41.593 [main] INFO  testCases.RegisterFunctionality.TC006_NoOptionForNewsLetterField -  ************** TC06_ No option selected For NewsLetter Field TestCase ended *********** 
]]></system-out>
    <system-err><![CDATA[Aug 23, 2025 4:55:37 PM org.openqa.selenium.devtools.CdpVersionFinder findNearestMatch
WARNING: Unable to find CDP implementation matching 139
Aug 23, 2025 4:55:37 PM org.openqa.selenium.chromium.ChromiumDriver lambda$new$5
WARNING: Unable to find version of CDP to use for 139.0.7258.67. You may need to include a dependency on a specific version of the CDP using something similar to `org.seleniumhq.selenium:selenium-devtools-v86:4.23.0` where the version ("v86") matches the version of the chromium-based browser you're using and the version number of the artifact is the same as Selenium's.
]]></system-err>
  </testcase>
  <testcase name="differentWaysToRegisterPage" classname="testCases.RegisterFunctionality.TC007_NavigateToRegisterAccountPage" time="1.862">
    <system-out><![CDATA[16:55:44.096 [main] INFO  testCases.RegisterFunctionality.TC007_NavigateToRegisterAccountPage -  TC007_NavigateToRegisterAccountPage Tescase started 
16:55:45.957 [main] INFO  testCases.RegisterFunctionality.TC007_NavigateToRegisterAccountPage -  TC007_NavigateToRegisterAccountPage Tescase ended 
]]></system-out>
    <system-err><![CDATA[Aug 23, 2025 4:55:42 PM org.openqa.selenium.devtools.CdpVersionFinder findNearestMatch
WARNING: Unable to find CDP implementation matching 139
Aug 23, 2025 4:55:42 PM org.openqa.selenium.chromium.ChromiumDriver lambda$new$5
WARNING: Unable to find version of CDP to use for 139.0.7258.67. You may need to include a dependency on a specific version of the CDP using something similar to `org.seleniumhq.selenium:selenium-devtools-v86:4.23.0` where the version ("v86") matches the version of the chromium-based browser you're using and the version number of the artifact is the same as Selenium's.
]]></system-err>
  </testcase>
  <testcase name="checkForWrongPasswordMsgValidation" classname="testCases.RegisterFunctionality.TC008_WrongConfirmPasswordValidation" time="1.9">
    <system-out><![CDATA[16:55:48.526 [main] INFO  testCases.RegisterFunctionality.TC008_WrongConfirmPasswordValidation -  TC008_WrongConfirmPasswordValidation testcase stated
16:55:50.424 [main] INFO  testCases.RegisterFunctionality.TC008_WrongConfirmPasswordValidation - TC008_WrongConfirmPasswordValidation testcase passed
]]></system-out>
    <system-err><![CDATA[Aug 23, 2025 4:55:47 PM org.openqa.selenium.devtools.CdpVersionFinder findNearestMatch
WARNING: Unable to find CDP implementation matching 139
Aug 23, 2025 4:55:47 PM org.openqa.selenium.chromium.ChromiumDriver lambda$new$5
WARNING: Unable to find version of CDP to use for 139.0.7258.67. You may need to include a dependency on a specific version of the CDP using something similar to `org.seleniumhq.selenium:selenium-devtools-v86:4.23.0` where the version ("v86") matches the version of the chromium-based browser you're using and the version number of the artifact is the same as Selenium's.
]]></system-err>
  </testcase>
  <testcase name="verifyRegisterAccount" classname="testCases.RegisterFunctionality.TC009_VerifyRegisterAccountByExistingAccount" time="2.048">
    <system-out><![CDATA[16:55:52.762 [main] INFO  testCases.RegisterFunctionality.TC009_VerifyRegisterAccountByExistingAccount - TC009_VerifyRegisterAccountByExistingAccount testcase started
16:55:54.775 [main] INFO  testCases.RegisterFunctionality.TC009_VerifyRegisterAccountByExistingAccount - Warning message: Warning: E-Mail Address is already registered!
16:55:54.810 [main] INFO  testCases.RegisterFunctionality.TC009_VerifyRegisterAccountByExistingAccount - TC009_VerifyRegisterAccountByExistingAccount testcase passed
]]></system-out>
    <system-err><![CDATA[Aug 23, 2025 4:55:51 PM org.openqa.selenium.devtools.CdpVersionFinder findNearestMatch
WARNING: Unable to find CDP implementation matching 139
Aug 23, 2025 4:55:51 PM org.openqa.selenium.chromium.ChromiumDriver lambda$new$5
WARNING: Unable to find version of CDP to use for 139.0.7258.67. You may need to include a dependency on a specific version of the CDP using something similar to `org.seleniumhq.selenium:selenium-devtools-v86:4.23.0` where the version ("v86") matches the version of the chromium-based browser you're using and the version number of the artifact is the same as Selenium's.
]]></system-err>
  </testcase>
  <testcase name="verifyRegisterAccountByInvalidEmail" classname="testCases.RegisterFunctionality.TC010_VerifyingRegisteringAccountByInvalidEmail" time="2.374">
    <system-out><![CDATA[16:55:57.371 [main] INFO  testCases.RegisterFunctionality.TC010_VerifyingRegisteringAccountByInvalidEmail - VerifyingRegisteringAccountByInvalidEmail testcase started
16:55:59.744 [main] INFO  testCases.RegisterFunctionality.TC010_VerifyingRegisteringAccountByInvalidEmail - VerifyingRegisteringAccountByInvalidEmail testcase ended
]]></system-out>
    <system-err><![CDATA[Aug 23, 2025 4:55:55 PM org.openqa.selenium.devtools.CdpVersionFinder findNearestMatch
WARNING: Unable to find CDP implementation matching 139
Aug 23, 2025 4:55:55 PM org.openqa.selenium.chromium.ChromiumDriver lambda$new$5
WARNING: Unable to find version of CDP to use for 139.0.7258.67. You may need to include a dependency on a specific version of the CDP using something similar to `org.seleniumhq.selenium:selenium-devtools-v86:4.23.0` where the version ("v86") matches the version of the chromium-based browser you're using and the version number of the artifact is the same as Selenium's.
]]></system-err>
  </testcase>
  <testcase name="registerWithInvalidPhoneNumber" classname="testCases.RegisterFunctionality.TC011_Register_Invalid_PoneNumber" time="1.626">
    <system-out><![CDATA[16:56:02.237 [main] INFO  testCases.RegisterFunctionality.TC011_Register_Invalid_PoneNumber - TC011_Register_Invalid_PoneNumber TestCase started
16:56:03.861 [main] INFO  testCases.RegisterFunctionality.TC011_Register_Invalid_PoneNumber - TC011_Register_Invalid_PoneNumber TestCase passed
]]></system-out>
    <system-err><![CDATA[Aug 23, 2025 4:56:00 PM org.openqa.selenium.devtools.CdpVersionFinder findNearestMatch
WARNING: Unable to find CDP implementation matching 139
Aug 23, 2025 4:56:00 PM org.openqa.selenium.chromium.ChromiumDriver lambda$new$5
WARNING: Unable to find version of CDP to use for 139.0.7258.67. You may need to include a dependency on a specific version of the CDP using something similar to `org.seleniumhq.selenium:selenium-devtools-v86:4.23.0` where the version ("v86") matches the version of the chromium-based browser you're using and the version number of the artifact is the same as Selenium's.
]]></system-err>
  </testcase>
  <testcase name="registerUsingKeyboardKeys" classname="testCases.RegisterFunctionality.TC012_ReigsterUsingKeyboardKeys" time="11.376">
    <system-out><![CDATA[16:56:06.210 [main] INFO  testCases.RegisterFunctionality.TC012_ReigsterUsingKeyboardKeys - TC012_ReigsterUsingKeyboardKeys TestCase started
16:56:17.585 [main] INFO  testCases.RegisterFunctionality.TC012_ReigsterUsingKeyboardKeys - TC012_ReigsterUsingKeyboardKeys TestCase passed
]]></system-out>
    <system-err><![CDATA[Aug 23, 2025 4:56:05 PM org.openqa.selenium.devtools.CdpVersionFinder findNearestMatch
WARNING: Unable to find CDP implementation matching 139
Aug 23, 2025 4:56:05 PM org.openqa.selenium.chromium.ChromiumDriver lambda$new$5
WARNING: Unable to find version of CDP to use for 139.0.7258.67. You may need to include a dependency on a specific version of the CDP using something similar to `org.seleniumhq.selenium:selenium-devtools-v86:4.23.0` where the version ("v86") matches the version of the chromium-based browser you're using and the version number of the artifact is the same as Selenium's.
]]></system-err>
  </testcase>
  <testcase name="verifyRegisterPlaceholder" classname="testCases.RegisterFunctionality.TC013_VerifyRegisterPlaceholder" time="0.861">
    <system-out><![CDATA[16:56:19.982 [main] INFO  testCases.RegisterFunctionality.TC013_VerifyRegisterPlaceholder - TC013_VerifyRegisterPlaceholder TestCase started
16:56:20.842 [main] INFO  testCases.RegisterFunctionality.TC013_VerifyRegisterPlaceholder - TC013_VerifyRegisterPlaceholder TestCase passed
]]></system-out>
    <system-err><![CDATA[Aug 23, 2025 4:56:18 PM org.openqa.selenium.devtools.CdpVersionFinder findNearestMatch
WARNING: Unable to find CDP implementation matching 139
Aug 23, 2025 4:56:18 PM org.openqa.selenium.chromium.ChromiumDriver lambda$new$5
WARNING: Unable to find version of CDP to use for 139.0.7258.67. You may need to include a dependency on a specific version of the CDP using something similar to `org.seleniumhq.selenium:selenium-devtools-v86:4.23.0` where the version ("v86") matches the version of the chromium-based browser you're using and the version number of the artifact is the same as Selenium's.
]]></system-err>
  </testcase>
  <testcase name="registerWithInvalidPhoneNumber" classname="testCases.RegisterFunctionality.TC014_CheckifAstreixIsPresentForMandatoryFields" time="0.874">
    <system-out><![CDATA[16:56:23.400 [main] INFO  testCases.RegisterFunctionality.TC014_CheckifAstreixIsPresentForMandatoryFields - TC014_CheckifAstreixIsPresentForMandatoryFields TestCase started
16:56:24.272 [main] INFO  testCases.RegisterFunctionality.TC014_CheckifAstreixIsPresentForMandatoryFields - TC014_CheckifAstreixIsPresentForMandatoryFields TestCase passed
]]></system-out>
    <system-err><![CDATA[Aug 23, 2025 4:56:22 PM org.openqa.selenium.devtools.CdpVersionFinder findNearestMatch
WARNING: Unable to find CDP implementation matching 139
Aug 23, 2025 4:56:22 PM org.openqa.selenium.chromium.ChromiumDriver lambda$new$5
WARNING: Unable to find version of CDP to use for 139.0.7258.67. You may need to include a dependency on a specific version of the CDP using something similar to `org.seleniumhq.selenium:selenium-devtools-v86:4.23.0` where the version ("v86") matches the version of the chromium-based browser you're using and the version number of the artifact is the same as Selenium's.
]]></system-err>
  </testcase>
</testsuite>