<?xml version="1.0" encoding="UTF-8"?>
<!-- Generated by org.testng.reporters.JUnitXMLReporter -->
<testsuite ignored="0" hostname="ASHKOL" failures="0" tests="12" name="Test" time="66.57" errors="0" timestamp="2025-08-23T17:07:24 IST">
  <testcase classname="testCases.TC0001_AccountRegistrationTest" name="accountRegistraion" time="2.713"/>
  <testcase classname="testCases.RegisterFunctionality.TC004_MandatoryFieldsNotifications" name="accountRegistraion" time="1.614"/>
  <testcase classname="testCases.RegisterFunctionality.TC005_YesOptionForNewsLetterField" name="accountRegistraion" time="3.321"/>
  <testcase classname="testCases.RegisterFunctionality.TC006_NoOptionForNewsLetterField" name="accountRegistraion" time="3.305"/>
  <testcase classname="testCases.RegisterFunctionality.TC007_NavigateToRegisterAccountPage" name="differentWaysToRegisterPage" time="2.158"/>
  <testcase classname="testCases.RegisterFunctionality.TC008_WrongConfirmPasswordValidation" name="checkForWrongPasswordMsgValidation" time="1.887"/>
  <testcase classname="testCases.RegisterFunctionality.TC009_VerifyRegisterAccountByExistingAccount" name="verifyRegisterAccount" time="1.818"/>
  <testcase classname="testCases.RegisterFunctionality.TC010_VerifyingRegisteringAccountByInvalidEmail" name="verifyRegisterAccountByInvalidEmail" time="1.969"/>
  <testcase classname="testCases.RegisterFunctionality.TC011_Register_Invalid_PoneNumber" name="registerWithInvalidPhoneNumber" time="1.393"/>
  <testcase classname="testCases.RegisterFunctionality.TC012_ReigsterUsingKeyboardKeys" name="registerUsingKeyboardKeys" time="11.382"/>
  <testcase classname="testCases.RegisterFunctionality.TC013_VerifyRegisterPlaceholder" name="verifyRegisterPlaceholder" time="0.835"/>
  <testcase classname="testCases.RegisterFunctionality.TC014_CheckifAstreixIsPresentForMandatoryFields" name="registerWithInvalidPhoneNumber" time="0.844"/>
</testsuite> <!-- Test -->
