<?xml version="1.0" encoding="UTF-8"?>
<!-- Generated by org.testng.reporters.JUnitXMLReporter -->
<testsuite ignored="0" hostname="ASHKOL" failures="0" tests="12" name="Test" time="63.574" errors="0" timestamp="2025-08-23T16:56:25 IST">
  <testcase classname="testCases.TC0001_AccountRegistrationTest" name="accountRegistraion" time="2.637"/>
  <testcase classname="testCases.RegisterFunctionality.TC004_MandatoryFieldsNotifications" name="accountRegistraion" time="1.365"/>
  <testcase classname="testCases.RegisterFunctionality.TC005_YesOptionForNewsLetterField" name="accountRegistraion" time="3.088"/>
  <testcase classname="testCases.RegisterFunctionality.TC006_NoOptionForNewsLetterField" name="accountRegistraion" time="3.207"/>
  <testcase classname="testCases.RegisterFunctionality.TC007_NavigateToRegisterAccountPage" name="differentWaysToRegisterPage" time="1.862"/>
  <testcase classname="testCases.RegisterFunctionality.TC008_WrongConfirmPasswordValidation" name="checkForWrongPasswordMsgValidation" time="1.9"/>
  <testcase classname="testCases.RegisterFunctionality.TC009_VerifyRegisterAccountByExistingAccount" name="verifyRegisterAccount" time="2.049"/>
  <testcase classname="testCases.RegisterFunctionality.TC010_VerifyingRegisteringAccountByInvalidEmail" name="verifyRegisterAccountByInvalidEmail" time="2.375"/>
  <testcase classname="testCases.RegisterFunctionality.TC011_Register_Invalid_PoneNumber" name="registerWithInvalidPhoneNumber" time="1.625"/>
  <testcase classname="testCases.RegisterFunctionality.TC012_ReigsterUsingKeyboardKeys" name="registerUsingKeyboardKeys" time="11.376"/>
  <testcase classname="testCases.RegisterFunctionality.TC013_VerifyRegisterPlaceholder" name="verifyRegisterPlaceholder" time="0.86"/>
  <testcase classname="testCases.RegisterFunctionality.TC014_CheckifAstreixIsPresentForMandatoryFields" name="registerWithInvalidPhoneNumber" time="0.873"/>
</testsuite> <!-- Test -->
