<?xml version="1.0" encoding="UTF-8"?>
<testng-results ignored="0" total="1" passed="1" failed="0" skipped="0">
  <reporter-output>
  </reporter-output>
  <suite started-at="2025-08-28T16:56:42 IST" name="Master Suite" finished-at="2025-08-28T16:56:50 IST" duration-ms="8118">
    <groups>
      <group name="Master">
        <method signature="TC025_VerifyPage_Url_BreadCrumb_Title_Heading.verifyPageUrlBreadCrumbTitleHeading()[pri:0, instance:testCases.RegisterFunctionality.TC025_VerifyPage_Url_BreadCrumb_Title_Heading@c35172e]" name="verifyPageUrlBreadCrumbTitleHeading" class="testCases.RegisterFunctionality.TC025_VerifyPage_Url_BreadCrumb_Title_Heading"/>
      </group> <!-- Master -->
    </groups>
    <test started-at="2025-08-28T16:56:42 IST" name="Test" finished-at="2025-08-28T16:56:50 IST" duration-ms="8118">
      <class name="testCases.RegisterFunctionality.TC025_VerifyPage_Url_BreadCrumb_Title_Heading">
        <test-method is-config="true" signature="setup(java.lang.String,java.lang.String)[pri:0, instance:testCases.RegisterFunctionality.TC025_VerifyPage_Url_BreadCrumb_Title_Heading@c35172e]" started-at="2025-08-28T16:56:43 IST" name="setup" finished-at="2025-08-28T16:56:49 IST" duration-ms="6673" status="PASS">
          <params>
            <param index="0">
              <value>
                <![CDATA[windows]]>
              </value>
            </param>
            <param index="1">
              <value>
                <![CDATA[chrome]]>
              </value>
            </param>
          </params>
          <reporter-output>
          </reporter-output>
        </test-method> <!-- setup -->
        <test-method signature="verifyPageUrlBreadCrumbTitleHeading()[pri:0, instance:testCases.RegisterFunctionality.TC025_VerifyPage_Url_BreadCrumb_Title_Heading@c35172e]" started-at="2025-08-28T16:56:49 IST" name="verifyPageUrlBreadCrumbTitleHeading" finished-at="2025-08-28T16:56:50 IST" duration-ms="1098" status="PASS">
          <reporter-output>
          </reporter-output>
        </test-method> <!-- verifyPageUrlBreadCrumbTitleHeading -->
      </class> <!-- testCases.RegisterFunctionality.TC025_VerifyPage_Url_BreadCrumb_Title_Heading -->
    </test> <!-- Test -->
  </suite> <!-- Master Suite -->
</testng-results>
